<?xml version="1.0" encoding="UTF-8"?>
<!-- Generated by org.testng.reporters.JUnitReportReporter -->
<testsuite hostname="DESKTOP-9OK67VU" failures="0" tests="3" name="testcases.SimplilearnLoginTest" time="306.301" errors="0" timestamp="2022-10-23T11:21:59 IST" skipped="0">
  <testcase classname="testcases.SimplilearnLoginTest" name="Test2" time="67.407"/>
  <system-out/>
  <testcase classname="testcases.SimplilearnLoginTest" name="Test1" time="124.399"/>
  <system-out/>
  <testcase classname="testcases.SimplilearnLoginTest" name="Test3" time="114.495"/>
  <system-out/>
</testsuite> <!-- testcases.SimplilearnLoginTest -->
