<?xml version="1.0" encoding="UTF-8"?>
<!-- Generated by org.testng.reporters.JUnitReportReporter -->
<testsuite hostname="DESKTOP-9OK67VU" failures="0" tests="1" name="testcases.HomeTest" time="7.801" errors="0" timestamp="2022-10-02T16:10:52 IST" skipped="0">
  <testcase classname="testcases.HomeTest" name="Test1" time="7.801"/>
  <system-out/>
</testsuite> <!-- testcases.HomeTest -->
