<?xml version="1.0" encoding="UTF-8"?>
<!-- Generated by org.testng.reporters.JUnitReportReporter -->
<testsuite skipped="0" hostname="DESKTOP-9OK67VU" name="testcases.SimplilearnLoginTest" tests="3" failures="0" timestamp="2022-10-23T12:47:54 IST" time="283.328" errors="0">
  <testcase name="Test2" time="126.318" classname="testcases.SimplilearnLoginTest"/>
  <system-out/>
  <testcase name="Test1" time="86.340" classname="testcases.SimplilearnLoginTest"/>
  <system-out/>
  <testcase name="Test3" time="70.670" classname="testcases.SimplilearnLoginTest"/>
  <system-out/>
</testsuite> <!-- testcases.SimplilearnLoginTest -->
