<?xml version="1.0" encoding="UTF-8"?>
<!-- Generated by org.testng.reporters.JUnitReportReporter -->
<testsuite skipped="0" hostname="DESKTOP-9OK67VU" name="testcases.HomeTest" tests="1" failures="0" timestamp="2022-09-27T18:33:54 IST" time="25.546" errors="0">
  <testcase name="Test1" time="25.546" classname="testcases.HomeTest"/>
  <system-out/>
</testsuite> <!-- testcases.HomeTest -->
